<?xml version="1.0" encoding="UTF-8"?>
<testsuite xmlns:xsi="http://www.w3.org/2001/XMLSchema-instance" xsi:noNamespaceSchemaLocation="https://maven.apache.org/surefire/maven-surefire-plugin/xsd/surefire-test-report.xsd" name="com.qa.insurance.testcases.HomePageTest" time="0.73" tests="7" errors="0" skipped="3" failures="4">
  <properties>
    <property name="java.specification.version" value="17"/>
    <property name="sun.jnu.encoding" value="UTF-8"/>
    <property name="java.class.path" value="/Users/tavleenkour/eclipse-workspace/InsuranceTest/target/test-classes:/Users/tavleenkour/eclipse-workspace/InsuranceTest/target/classes:/Users/tavleenkour/.m2/repository/org/apache/poi/poi/3.9/poi-3.9.jar:/Users/tavleenkour/.m2/repository/commons-codec/commons-codec/1.5/commons-codec-1.5.jar:/Users/tavleenkour/.m2/repository/org/seleniumhq/selenium/selenium-java/4.4.0/selenium-java-4.4.0.jar:/Users/tavleenkour/.m2/repository/org/seleniumhq/selenium/selenium-api/4.4.0/selenium-api-4.4.0.jar:/Users/tavleenkour/.m2/repository/org/seleniumhq/selenium/selenium-chrome-driver/4.4.0/selenium-chrome-driver-4.4.0.jar:/Users/tavleenkour/.m2/repository/com/google/auto/service/auto-service-annotations/1.0.1/auto-service-annotations-1.0.1.jar:/Users/tavleenkour/.m2/repository/com/google/auto/service/auto-service/1.0.1/auto-service-1.0.1.jar:/Users/tavleenkour/.m2/repository/com/google/auto/auto-common/1.2/auto-common-1.2.jar:/Users/tavleenkour/.m2/repository/com/google/guava/guava/31.1-jre/guava-31.1-jre.jar:/Users/tavleenkour/.m2/repository/com/google/guava/failureaccess/1.0.1/failureaccess-1.0.1.jar:/Users/tavleenkour/.m2/repository/com/google/guava/listenablefuture/9999.0-empty-to-avoid-conflict-with-guava/listenablefuture-9999.0-empty-to-avoid-conflict-with-guava.jar:/Users/tavleenkour/.m2/repository/com/google/code/findbugs/jsr305/3.0.2/jsr305-3.0.2.jar:/Users/tavleenkour/.m2/repository/org/checkerframework/checker-qual/3.12.0/checker-qual-3.12.0.jar:/Users/tavleenkour/.m2/repository/com/google/errorprone/error_prone_annotations/2.11.0/error_prone_annotations-2.11.0.jar:/Users/tavleenkour/.m2/repository/com/google/j2objc/j2objc-annotations/1.3/j2objc-annotations-1.3.jar:/Users/tavleenkour/.m2/repository/org/seleniumhq/selenium/selenium-chromium-driver/4.4.0/selenium-chromium-driver-4.4.0.jar:/Users/tavleenkour/.m2/repository/org/seleniumhq/selenium/selenium-json/4.4.0/selenium-json-4.4.0.jar:/Users/tavleenkour/.m2/repository/org/seleniumhq/selenium/selenium-devtools-v102/4.4.0/selenium-devtools-v102-4.4.0.jar:/Users/tavleenkour/.m2/repository/org/seleniumhq/selenium/selenium-devtools-v103/4.4.0/selenium-devtools-v103-4.4.0.jar:/Users/tavleenkour/.m2/repository/org/seleniumhq/selenium/selenium-devtools-v104/4.4.0/selenium-devtools-v104-4.4.0.jar:/Users/tavleenkour/.m2/repository/org/seleniumhq/selenium/selenium-devtools-v85/4.4.0/selenium-devtools-v85-4.4.0.jar:/Users/tavleenkour/.m2/repository/org/seleniumhq/selenium/selenium-edge-driver/4.4.0/selenium-edge-driver-4.4.0.jar:/Users/tavleenkour/.m2/repository/org/seleniumhq/selenium/selenium-firefox-driver/4.4.0/selenium-firefox-driver-4.4.0.jar:/Users/tavleenkour/.m2/repository/org/seleniumhq/selenium/selenium-ie-driver/4.4.0/selenium-ie-driver-4.4.0.jar:/Users/tavleenkour/.m2/repository/org/seleniumhq/selenium/selenium-opera-driver/4.4.0/selenium-opera-driver-4.4.0.jar:/Users/tavleenkour/.m2/repository/org/seleniumhq/selenium/selenium-remote-driver/4.4.0/selenium-remote-driver-4.4.0.jar:/Users/tavleenkour/.m2/repository/io/netty/netty-buffer/4.1.78.Final/netty-buffer-4.1.78.Final.jar:/Users/tavleenkour/.m2/repository/io/netty/netty-codec-http/4.1.78.Final/netty-codec-http-4.1.78.Final.jar:/Users/tavleenkour/.m2/repository/io/netty/netty-codec/4.1.78.Final/netty-codec-4.1.78.Final.jar:/Users/tavleenkour/.m2/repository/io/netty/netty-handler/4.1.78.Final/netty-handler-4.1.78.Final.jar:/Users/tavleenkour/.m2/repository/io/netty/netty-common/4.1.78.Final/netty-common-4.1.78.Final.jar:/Users/tavleenkour/.m2/repository/io/netty/netty-transport-classes-epoll/4.1.78.Final/netty-transport-classes-epoll-4.1.78.Final.jar:/Users/tavleenkour/.m2/repository/io/netty/netty-transport-classes-kqueue/4.1.78.Final/netty-transport-classes-kqueue-4.1.78.Final.jar:/Users/tavleenkour/.m2/repository/io/netty/netty-transport-native-epoll/4.1.78.Final/netty-transport-native-epoll-4.1.78.Final.jar:/Users/tavleenkour/.m2/repository/io/netty/netty-transport-native-kqueue/4.1.78.Final/netty-transport-native-kqueue-4.1.78.Final.jar:/Users/tavleenkour/.m2/repository/io/netty/netty-transport-native-unix-common/4.1.78.Final/netty-transport-native-unix-common-4.1.78.Final.jar:/Users/tavleenkour/.m2/repository/io/netty/netty-transport/4.1.78.Final/netty-transport-4.1.78.Final.jar:/Users/tavleenkour/.m2/repository/io/netty/netty-resolver/4.1.78.Final/netty-resolver-4.1.78.Final.jar:/Users/tavleenkour/.m2/repository/io/opentelemetry/opentelemetry-api/1.16.0/opentelemetry-api-1.16.0.jar:/Users/tavleenkour/.m2/repository/io/opentelemetry/opentelemetry-context/1.16.0/opentelemetry-context-1.16.0.jar:/Users/tavleenkour/.m2/repository/io/opentelemetry/opentelemetry-exporter-logging/1.16.0/opentelemetry-exporter-logging-1.16.0.jar:/Users/tavleenkour/.m2/repository/io/opentelemetry/opentelemetry-sdk-metrics/1.16.0/opentelemetry-sdk-metrics-1.16.0.jar:/Users/tavleenkour/.m2/repository/io/opentelemetry/opentelemetry-sdk-logs/1.16.0-alpha/opentelemetry-sdk-logs-1.16.0-alpha.jar:/Users/tavleenkour/.m2/repository/io/opentelemetry/opentelemetry-sdk-common/1.16.0/opentelemetry-sdk-common-1.16.0.jar:/Users/tavleenkour/.m2/repository/io/opentelemetry/opentelemetry-sdk-extension-autoconfigure-spi/1.16.0/opentelemetry-sdk-extension-autoconfigure-spi-1.16.0.jar:/Users/tavleenkour/.m2/repository/io/opentelemetry/opentelemetry-sdk-extension-autoconfigure/1.16.0-alpha/opentelemetry-sdk-extension-autoconfigure-1.16.0-alpha.jar:/Users/tavleenkour/.m2/repository/io/opentelemetry/opentelemetry-sdk-trace/1.16.0/opentelemetry-sdk-trace-1.16.0.jar:/Users/tavleenkour/.m2/repository/io/opentelemetry/opentelemetry-sdk/1.16.0/opentelemetry-sdk-1.16.0.jar:/Users/tavleenkour/.m2/repository/io/opentelemetry/opentelemetry-semconv/1.16.0-alpha/opentelemetry-semconv-1.16.0-alpha.jar:/Users/tavleenkour/.m2/repository/io/ous/jtoml/2.0.0/jtoml-2.0.0.jar:/Users/tavleenkour/.m2/repository/net/bytebuddy/byte-buddy/1.12.10/byte-buddy-1.12.10.jar:/Users/tavleenkour/.m2/repository/org/apache/commons/commons-exec/1.3/commons-exec-1.3.jar:/Users/tavleenkour/.m2/repository/org/asynchttpclient/async-http-client/2.12.3/async-http-client-2.12.3.jar:/Users/tavleenkour/.m2/repository/org/asynchttpclient/async-http-client-netty-utils/2.12.3/async-http-client-netty-utils-2.12.3.jar:/Users/tavleenkour/.m2/repository/io/netty/netty-codec-socks/4.1.60.Final/netty-codec-socks-4.1.60.Final.jar:/Users/tavleenkour/.m2/repository/io/netty/netty-handler-proxy/4.1.60.Final/netty-handler-proxy-4.1.60.Final.jar:/Users/tavleenkour/.m2/repository/io/netty/netty-transport-native-epoll/4.1.60.Final/netty-transport-native-epoll-4.1.60.Final-linux-x86_64.jar:/Users/tavleenkour/.m2/repository/io/netty/netty-transport-native-kqueue/4.1.60.Final/netty-transport-native-kqueue-4.1.60.Final-osx-x86_64.jar:/Users/tavleenkour/.m2/repository/org/reactivestreams/reactive-streams/1.0.3/reactive-streams-1.0.3.jar:/Users/tavleenkour/.m2/repository/com/typesafe/netty/netty-reactive-streams/2.0.4/netty-reactive-streams-2.0.4.jar:/Users/tavleenkour/.m2/repository/com/sun/activation/jakarta.activation/1.2.2/jakarta.activation-1.2.2.jar:/Users/tavleenkour/.m2/repository/org/seleniumhq/selenium/selenium-http/4.4.0/selenium-http-4.4.0.jar:/Users/tavleenkour/.m2/repository/dev/failsafe/failsafe/3.2.4/failsafe-3.2.4.jar:/Users/tavleenkour/.m2/repository/org/seleniumhq/selenium/selenium-safari-driver/4.4.0/selenium-safari-driver-4.4.0.jar:/Users/tavleenkour/.m2/repository/org/seleniumhq/selenium/selenium-support/4.4.0/selenium-support-4.4.0.jar:/Users/tavleenkour/.m2/repository/org/testng/testng/7.0.0/testng-7.0.0.jar:/Users/tavleenkour/.m2/repository/com/beust/jcommander/1.72/jcommander-1.72.jar:/Users/tavleenkour/.m2/repository/org/apache/poi/poi-ooxml/3.9/poi-ooxml-3.9.jar:/Users/tavleenkour/.m2/repository/dom4j/dom4j/1.6.1/dom4j-1.6.1.jar:/Users/tavleenkour/.m2/repository/xml-apis/xml-apis/1.0.b2/xml-apis-1.0.b2.jar:/Users/tavleenkour/.m2/repository/org/apache/poi/poi-ooxml-schemas/3.9/poi-ooxml-schemas-3.9.jar:/Users/tavleenkour/.m2/repository/org/apache/xmlbeans/xmlbeans/2.3.0/xmlbeans-2.3.0.jar:/Users/tavleenkour/.m2/repository/stax/stax-api/1.0.1/stax-api-1.0.1.jar:/Users/tavleenkour/.m2/repository/org/apache/poi/poi-scratchpad/3.9/poi-scratchpad-3.9.jar:/Users/tavleenkour/.m2/repository/org/apache/poi/ooxml-schemas/1.1/ooxml-schemas-1.1.jar:/Users/tavleenkour/.m2/repository/org/apache/poi/openxml4j/1.0-beta/openxml4j-1.0-beta.jar:/Users/tavleenkour/.m2/repository/commons-io/commons-io/2.6/commons-io-2.6.jar:/Users/tavleenkour/.m2/repository/com/aventstack/extentreports/4.0.0/extentreports-4.0.0.jar:/Users/tavleenkour/.m2/repository/org/freemarker/freemarker/2.3.23/freemarker-2.3.23.jar:/Users/tavleenkour/.m2/repository/org/mongodb/mongodb-driver/3.3.0/mongodb-driver-3.3.0.jar:/Users/tavleenkour/.m2/repository/org/mongodb/mongodb-driver-core/3.3.0/mongodb-driver-core-3.3.0.jar:/Users/tavleenkour/.m2/repository/org/mongodb/bson/3.3.0/bson-3.3.0.jar:/Users/tavleenkour/.m2/repository/org/apache/httpcomponents/httpclient/4.5.2/httpclient-4.5.2.jar:/Users/tavleenkour/.m2/repository/org/apache/httpcomponents/httpcore/4.4.4/httpcore-4.4.4.jar:/Users/tavleenkour/.m2/repository/commons-logging/commons-logging/1.2/commons-logging-1.2.jar:/Users/tavleenkour/.m2/repository/org/apache/httpcomponents/httpmime/4.5.2/httpmime-4.5.2.jar:/Users/tavleenkour/.m2/repository/com/google/code/gson/gson/2.8.5/gson-2.8.5.jar:/Users/tavleenkour/.m2/repository/log4j/log4j/1.2.17/log4j-1.2.17.jar:/Users/tavleenkour/.m2/repository/io/github/bonigarcia/webdrivermanager/5.3.0/webdrivermanager-5.3.0.jar:/Users/tavleenkour/.m2/repository/org/slf4j/slf4j-api/1.7.36/slf4j-api-1.7.36.jar:/Users/tavleenkour/.m2/repository/com/github/docker-java/docker-java/3.2.13/docker-java-3.2.13.jar:/Users/tavleenkour/.m2/repository/com/github/docker-java/docker-java-core/3.2.13/docker-java-core-3.2.13.jar:/Users/tavleenkour/.m2/repository/com/github/docker-java/docker-java-api/3.2.13/docker-java-api-3.2.13.jar:/Users/tavleenkour/.m2/repository/com/fasterxml/jackson/core/jackson-annotations/2.10.3/jackson-annotations-2.10.3.jar:/Users/tavleenkour/.m2/repository/org/apache/commons/commons-compress/1.21/commons-compress-1.21.jar:/Users/tavleenkour/.m2/repository/com/fasterxml/jackson/core/jackson-databind/2.10.3/jackson-databind-2.10.3.jar:/Users/tavleenkour/.m2/repository/com/fasterxml/jackson/core/jackson-core/2.10.3/jackson-core-2.10.3.jar:/Users/tavleenkour/.m2/repository/org/bouncycastle/bcpkix-jdk15on/1.64/bcpkix-jdk15on-1.64.jar:/Users/tavleenkour/.m2/repository/org/bouncycastle/bcprov-jdk15on/1.64/bcprov-jdk15on-1.64.jar:/Users/tavleenkour/.m2/repository/org/slf4j/jcl-over-slf4j/1.7.30/jcl-over-slf4j-1.7.30.jar:/Users/tavleenkour/.m2/repository/com/github/docker-java/docker-java-transport-httpclient5/3.2.13/docker-java-transport-httpclient5-3.2.13.jar:/Users/tavleenkour/.m2/repository/com/github/docker-java/docker-java-transport/3.2.13/docker-java-transport-3.2.13.jar:/Users/tavleenkour/.m2/repository/net/java/dev/jna/jna/5.8.0/jna-5.8.0.jar:/Users/tavleenkour/.m2/repository/org/brotli/dec/0.1.2/dec-0.1.2.jar:/Users/tavleenkour/.m2/repository/org/apache/commons/commons-lang3/3.12.0/commons-lang3-3.12.0.jar:/Users/tavleenkour/.m2/repository/org/apache/httpcomponents/client5/httpclient5/5.1.3/httpclient5-5.1.3.jar:/Users/tavleenkour/.m2/repository/org/apache/httpcomponents/core5/httpcore5/5.1.3/httpcore5-5.1.3.jar:/Users/tavleenkour/.m2/repository/org/apache/httpcomponents/core5/httpcore5-h2/5.1.3/httpcore5-h2-5.1.3.jar:"/>
    <property name="java.vm.vendor" value="Eclipse Adoptium"/>
    <property name="sun.arch.data.model" value="64"/>
    <property name="java.vendor.url" value="https://adoptium.net/"/>
    <property name="os.name" value="Mac OS X"/>
    <property name="java.vm.specification.version" value="17"/>
    <property name="sun.java.launcher" value="SUN_STANDARD"/>
    <property name="user.country" value="CA"/>
    <property name="sun.boot.library.path" value="/Users/tavleenkour/.p2/pool/plugins/org.eclipse.justj.openjdk.hotspot.jre.full.macosx.x86_64_17.0.4.v20220903-1038/jre/lib"/>
    <property name="sun.java.command" value="/Users/tavleenkour/eclipse-workspace/InsuranceTest/target/surefire/surefirebooter1513307972507572833.jar /Users/tavleenkour/eclipse-workspace/InsuranceTest/target/surefire 2022-10-27T18-56-35_543-jvmRun1 surefire2138060883608303415tmp surefire_05793885986745753188tmp"/>
    <property name="jdk.debug" value="release"/>
    <property name="surefire.test.class.path" value="/Users/tavleenkour/eclipse-workspace/InsuranceTest/target/test-classes:/Users/tavleenkour/eclipse-workspace/InsuranceTest/target/classes:/Users/tavleenkour/.m2/repository/org/apache/poi/poi/3.9/poi-3.9.jar:/Users/tavleenkour/.m2/repository/commons-codec/commons-codec/1.5/commons-codec-1.5.jar:/Users/tavleenkour/.m2/repository/org/seleniumhq/selenium/selenium-java/4.4.0/selenium-java-4.4.0.jar:/Users/tavleenkour/.m2/repository/org/seleniumhq/selenium/selenium-api/4.4.0/selenium-api-4.4.0.jar:/Users/tavleenkour/.m2/repository/org/seleniumhq/selenium/selenium-chrome-driver/4.4.0/selenium-chrome-driver-4.4.0.jar:/Users/tavleenkour/.m2/repository/com/google/auto/service/auto-service-annotations/1.0.1/auto-service-annotations-1.0.1.jar:/Users/tavleenkour/.m2/repository/com/google/auto/service/auto-service/1.0.1/auto-service-1.0.1.jar:/Users/tavleenkour/.m2/repository/com/google/auto/auto-common/1.2/auto-common-1.2.jar:/Users/tavleenkour/.m2/repository/com/google/guava/guava/31.1-jre/guava-31.1-jre.jar:/Users/tavleenkour/.m2/repository/com/google/guava/failureaccess/1.0.1/failureaccess-1.0.1.jar:/Users/tavleenkour/.m2/repository/com/google/guava/listenablefuture/9999.0-empty-to-avoid-conflict-with-guava/listenablefuture-9999.0-empty-to-avoid-conflict-with-guava.jar:/Users/tavleenkour/.m2/repository/com/google/code/findbugs/jsr305/3.0.2/jsr305-3.0.2.jar:/Users/tavleenkour/.m2/repository/org/checkerframework/checker-qual/3.12.0/checker-qual-3.12.0.jar:/Users/tavleenkour/.m2/repository/com/google/errorprone/error_prone_annotations/2.11.0/error_prone_annotations-2.11.0.jar:/Users/tavleenkour/.m2/repository/com/google/j2objc/j2objc-annotations/1.3/j2objc-annotations-1.3.jar:/Users/tavleenkour/.m2/repository/org/seleniumhq/selenium/selenium-chromium-driver/4.4.0/selenium-chromium-driver-4.4.0.jar:/Users/tavleenkour/.m2/repository/org/seleniumhq/selenium/selenium-json/4.4.0/selenium-json-4.4.0.jar:/Users/tavleenkour/.m2/repository/org/seleniumhq/selenium/selenium-devtools-v102/4.4.0/selenium-devtools-v102-4.4.0.jar:/Users/tavleenkour/.m2/repository/org/seleniumhq/selenium/selenium-devtools-v103/4.4.0/selenium-devtools-v103-4.4.0.jar:/Users/tavleenkour/.m2/repository/org/seleniumhq/selenium/selenium-devtools-v104/4.4.0/selenium-devtools-v104-4.4.0.jar:/Users/tavleenkour/.m2/repository/org/seleniumhq/selenium/selenium-devtools-v85/4.4.0/selenium-devtools-v85-4.4.0.jar:/Users/tavleenkour/.m2/repository/org/seleniumhq/selenium/selenium-edge-driver/4.4.0/selenium-edge-driver-4.4.0.jar:/Users/tavleenkour/.m2/repository/org/seleniumhq/selenium/selenium-firefox-driver/4.4.0/selenium-firefox-driver-4.4.0.jar:/Users/tavleenkour/.m2/repository/org/seleniumhq/selenium/selenium-ie-driver/4.4.0/selenium-ie-driver-4.4.0.jar:/Users/tavleenkour/.m2/repository/org/seleniumhq/selenium/selenium-opera-driver/4.4.0/selenium-opera-driver-4.4.0.jar:/Users/tavleenkour/.m2/repository/org/seleniumhq/selenium/selenium-remote-driver/4.4.0/selenium-remote-driver-4.4.0.jar:/Users/tavleenkour/.m2/repository/io/netty/netty-buffer/4.1.78.Final/netty-buffer-4.1.78.Final.jar:/Users/tavleenkour/.m2/repository/io/netty/netty-codec-http/4.1.78.Final/netty-codec-http-4.1.78.Final.jar:/Users/tavleenkour/.m2/repository/io/netty/netty-codec/4.1.78.Final/netty-codec-4.1.78.Final.jar:/Users/tavleenkour/.m2/repository/io/netty/netty-handler/4.1.78.Final/netty-handler-4.1.78.Final.jar:/Users/tavleenkour/.m2/repository/io/netty/netty-common/4.1.78.Final/netty-common-4.1.78.Final.jar:/Users/tavleenkour/.m2/repository/io/netty/netty-transport-classes-epoll/4.1.78.Final/netty-transport-classes-epoll-4.1.78.Final.jar:/Users/tavleenkour/.m2/repository/io/netty/netty-transport-classes-kqueue/4.1.78.Final/netty-transport-classes-kqueue-4.1.78.Final.jar:/Users/tavleenkour/.m2/repository/io/netty/netty-transport-native-epoll/4.1.78.Final/netty-transport-native-epoll-4.1.78.Final.jar:/Users/tavleenkour/.m2/repository/io/netty/netty-transport-native-kqueue/4.1.78.Final/netty-transport-native-kqueue-4.1.78.Final.jar:/Users/tavleenkour/.m2/repository/io/netty/netty-transport-native-unix-common/4.1.78.Final/netty-transport-native-unix-common-4.1.78.Final.jar:/Users/tavleenkour/.m2/repository/io/netty/netty-transport/4.1.78.Final/netty-transport-4.1.78.Final.jar:/Users/tavleenkour/.m2/repository/io/netty/netty-resolver/4.1.78.Final/netty-resolver-4.1.78.Final.jar:/Users/tavleenkour/.m2/repository/io/opentelemetry/opentelemetry-api/1.16.0/opentelemetry-api-1.16.0.jar:/Users/tavleenkour/.m2/repository/io/opentelemetry/opentelemetry-context/1.16.0/opentelemetry-context-1.16.0.jar:/Users/tavleenkour/.m2/repository/io/opentelemetry/opentelemetry-exporter-logging/1.16.0/opentelemetry-exporter-logging-1.16.0.jar:/Users/tavleenkour/.m2/repository/io/opentelemetry/opentelemetry-sdk-metrics/1.16.0/opentelemetry-sdk-metrics-1.16.0.jar:/Users/tavleenkour/.m2/repository/io/opentelemetry/opentelemetry-sdk-logs/1.16.0-alpha/opentelemetry-sdk-logs-1.16.0-alpha.jar:/Users/tavleenkour/.m2/repository/io/opentelemetry/opentelemetry-sdk-common/1.16.0/opentelemetry-sdk-common-1.16.0.jar:/Users/tavleenkour/.m2/repository/io/opentelemetry/opentelemetry-sdk-extension-autoconfigure-spi/1.16.0/opentelemetry-sdk-extension-autoconfigure-spi-1.16.0.jar:/Users/tavleenkour/.m2/repository/io/opentelemetry/opentelemetry-sdk-extension-autoconfigure/1.16.0-alpha/opentelemetry-sdk-extension-autoconfigure-1.16.0-alpha.jar:/Users/tavleenkour/.m2/repository/io/opentelemetry/opentelemetry-sdk-trace/1.16.0/opentelemetry-sdk-trace-1.16.0.jar:/Users/tavleenkour/.m2/repository/io/opentelemetry/opentelemetry-sdk/1.16.0/opentelemetry-sdk-1.16.0.jar:/Users/tavleenkour/.m2/repository/io/opentelemetry/opentelemetry-semconv/1.16.0-alpha/opentelemetry-semconv-1.16.0-alpha.jar:/Users/tavleenkour/.m2/repository/io/ous/jtoml/2.0.0/jtoml-2.0.0.jar:/Users/tavleenkour/.m2/repository/net/bytebuddy/byte-buddy/1.12.10/byte-buddy-1.12.10.jar:/Users/tavleenkour/.m2/repository/org/apache/commons/commons-exec/1.3/commons-exec-1.3.jar:/Users/tavleenkour/.m2/repository/org/asynchttpclient/async-http-client/2.12.3/async-http-client-2.12.3.jar:/Users/tavleenkour/.m2/repository/org/asynchttpclient/async-http-client-netty-utils/2.12.3/async-http-client-netty-utils-2.12.3.jar:/Users/tavleenkour/.m2/repository/io/netty/netty-codec-socks/4.1.60.Final/netty-codec-socks-4.1.60.Final.jar:/Users/tavleenkour/.m2/repository/io/netty/netty-handler-proxy/4.1.60.Final/netty-handler-proxy-4.1.60.Final.jar:/Users/tavleenkour/.m2/repository/io/netty/netty-transport-native-epoll/4.1.60.Final/netty-transport-native-epoll-4.1.60.Final-linux-x86_64.jar:/Users/tavleenkour/.m2/repository/io/netty/netty-transport-native-kqueue/4.1.60.Final/netty-transport-native-kqueue-4.1.60.Final-osx-x86_64.jar:/Users/tavleenkour/.m2/repository/org/reactivestreams/reactive-streams/1.0.3/reactive-streams-1.0.3.jar:/Users/tavleenkour/.m2/repository/com/typesafe/netty/netty-reactive-streams/2.0.4/netty-reactive-streams-2.0.4.jar:/Users/tavleenkour/.m2/repository/com/sun/activation/jakarta.activation/1.2.2/jakarta.activation-1.2.2.jar:/Users/tavleenkour/.m2/repository/org/seleniumhq/selenium/selenium-http/4.4.0/selenium-http-4.4.0.jar:/Users/tavleenkour/.m2/repository/dev/failsafe/failsafe/3.2.4/failsafe-3.2.4.jar:/Users/tavleenkour/.m2/repository/org/seleniumhq/selenium/selenium-safari-driver/4.4.0/selenium-safari-driver-4.4.0.jar:/Users/tavleenkour/.m2/repository/org/seleniumhq/selenium/selenium-support/4.4.0/selenium-support-4.4.0.jar:/Users/tavleenkour/.m2/repository/org/testng/testng/7.0.0/testng-7.0.0.jar:/Users/tavleenkour/.m2/repository/com/beust/jcommander/1.72/jcommander-1.72.jar:/Users/tavleenkour/.m2/repository/org/apache/poi/poi-ooxml/3.9/poi-ooxml-3.9.jar:/Users/tavleenkour/.m2/repository/dom4j/dom4j/1.6.1/dom4j-1.6.1.jar:/Users/tavleenkour/.m2/repository/xml-apis/xml-apis/1.0.b2/xml-apis-1.0.b2.jar:/Users/tavleenkour/.m2/repository/org/apache/poi/poi-ooxml-schemas/3.9/poi-ooxml-schemas-3.9.jar:/Users/tavleenkour/.m2/repository/org/apache/xmlbeans/xmlbeans/2.3.0/xmlbeans-2.3.0.jar:/Users/tavleenkour/.m2/repository/stax/stax-api/1.0.1/stax-api-1.0.1.jar:/Users/tavleenkour/.m2/repository/org/apache/poi/poi-scratchpad/3.9/poi-scratchpad-3.9.jar:/Users/tavleenkour/.m2/repository/org/apache/poi/ooxml-schemas/1.1/ooxml-schemas-1.1.jar:/Users/tavleenkour/.m2/repository/org/apache/poi/openxml4j/1.0-beta/openxml4j-1.0-beta.jar:/Users/tavleenkour/.m2/repository/commons-io/commons-io/2.6/commons-io-2.6.jar:/Users/tavleenkour/.m2/repository/com/aventstack/extentreports/4.0.0/extentreports-4.0.0.jar:/Users/tavleenkour/.m2/repository/org/freemarker/freemarker/2.3.23/freemarker-2.3.23.jar:/Users/tavleenkour/.m2/repository/org/mongodb/mongodb-driver/3.3.0/mongodb-driver-3.3.0.jar:/Users/tavleenkour/.m2/repository/org/mongodb/mongodb-driver-core/3.3.0/mongodb-driver-core-3.3.0.jar:/Users/tavleenkour/.m2/repository/org/mongodb/bson/3.3.0/bson-3.3.0.jar:/Users/tavleenkour/.m2/repository/org/apache/httpcomponents/httpclient/4.5.2/httpclient-4.5.2.jar:/Users/tavleenkour/.m2/repository/org/apache/httpcomponents/httpcore/4.4.4/httpcore-4.4.4.jar:/Users/tavleenkour/.m2/repository/commons-logging/commons-logging/1.2/commons-logging-1.2.jar:/Users/tavleenkour/.m2/repository/org/apache/httpcomponents/httpmime/4.5.2/httpmime-4.5.2.jar:/Users/tavleenkour/.m2/repository/com/google/code/gson/gson/2.8.5/gson-2.8.5.jar:/Users/tavleenkour/.m2/repository/log4j/log4j/1.2.17/log4j-1.2.17.jar:/Users/tavleenkour/.m2/repository/io/github/bonigarcia/webdrivermanager/5.3.0/webdrivermanager-5.3.0.jar:/Users/tavleenkour/.m2/repository/org/slf4j/slf4j-api/1.7.36/slf4j-api-1.7.36.jar:/Users/tavleenkour/.m2/repository/com/github/docker-java/docker-java/3.2.13/docker-java-3.2.13.jar:/Users/tavleenkour/.m2/repository/com/github/docker-java/docker-java-core/3.2.13/docker-java-core-3.2.13.jar:/Users/tavleenkour/.m2/repository/com/github/docker-java/docker-java-api/3.2.13/docker-java-api-3.2.13.jar:/Users/tavleenkour/.m2/repository/com/fasterxml/jackson/core/jackson-annotations/2.10.3/jackson-annotations-2.10.3.jar:/Users/tavleenkour/.m2/repository/org/apache/commons/commons-compress/1.21/commons-compress-1.21.jar:/Users/tavleenkour/.m2/repository/com/fasterxml/jackson/core/jackson-databind/2.10.3/jackson-databind-2.10.3.jar:/Users/tavleenkour/.m2/repository/com/fasterxml/jackson/core/jackson-core/2.10.3/jackson-core-2.10.3.jar:/Users/tavleenkour/.m2/repository/org/bouncycastle/bcpkix-jdk15on/1.64/bcpkix-jdk15on-1.64.jar:/Users/tavleenkour/.m2/repository/org/bouncycastle/bcprov-jdk15on/1.64/bcprov-jdk15on-1.64.jar:/Users/tavleenkour/.m2/repository/org/slf4j/jcl-over-slf4j/1.7.30/jcl-over-slf4j-1.7.30.jar:/Users/tavleenkour/.m2/repository/com/github/docker-java/docker-java-transport-httpclient5/3.2.13/docker-java-transport-httpclient5-3.2.13.jar:/Users/tavleenkour/.m2/repository/com/github/docker-java/docker-java-transport/3.2.13/docker-java-transport-3.2.13.jar:/Users/tavleenkour/.m2/repository/net/java/dev/jna/jna/5.8.0/jna-5.8.0.jar:/Users/tavleenkour/.m2/repository/org/brotli/dec/0.1.2/dec-0.1.2.jar:/Users/tavleenkour/.m2/repository/org/apache/commons/commons-lang3/3.12.0/commons-lang3-3.12.0.jar:/Users/tavleenkour/.m2/repository/org/apache/httpcomponents/client5/httpclient5/5.1.3/httpclient5-5.1.3.jar:/Users/tavleenkour/.m2/repository/org/apache/httpcomponents/core5/httpcore5/5.1.3/httpcore5-5.1.3.jar:/Users/tavleenkour/.m2/repository/org/apache/httpcomponents/core5/httpcore5-h2/5.1.3/httpcore5-h2-5.1.3.jar:"/>
    <property name="sun.cpu.endian" value="little"/>
    <property name="user.home" value="/Users/tavleenkour"/>
    <property name="user.language" value="en"/>
    <property name="java.specification.vendor" value="Oracle Corporation"/>
    <property name="java.version.date" value="2022-08-12"/>
    <property name="java.home" value="/Users/tavleenkour/.p2/pool/plugins/org.eclipse.justj.openjdk.hotspot.jre.full.macosx.x86_64_17.0.4.v20220903-1038/jre"/>
    <property name="file.separator" value="/"/>
    <property name="style.color" value="always"/>
    <property name="basedir" value="/Users/tavleenkour/eclipse-workspace/InsuranceTest"/>
    <property name="java.vm.compressedOopsMode" value="Zero based"/>
    <property name="line.separator" value="&#10;"/>
    <property name="java.vm.specification.vendor" value="Oracle Corporation"/>
    <property name="java.specification.name" value="Java Platform API Specification"/>
    <property name="surefire.real.class.path" value="/Users/tavleenkour/eclipse-workspace/InsuranceTest/target/surefire/surefirebooter1513307972507572833.jar"/>
    <property name="sun.management.compiler" value="HotSpot 64-Bit Tiered Compilers"/>
    <property name="java.runtime.version" value="17.0.4.1+1"/>
    <property name="user.name" value="tavleenkour"/>
    <property name="path.separator" value=":"/>
    <property name="os.version" value="12.6.1"/>
    <property name="java.runtime.name" value="OpenJDK Runtime Environment"/>
    <property name="file.encoding" value="UTF-8"/>
    <property name="java.vm.name" value="OpenJDK 64-Bit Server VM"/>
    <property name="java.vendor.version" value="Temurin-17.0.4.1+1"/>
    <property name="localRepository" value="/Users/tavleenkour/.m2/repository"/>
    <property name="java.vendor.url.bug" value="https://github.com/adoptium/adoptium-support/issues"/>
    <property name="java.io.tmpdir" value="/var/folders/2c/znlm_n9j0jb7k32f50w73rzm0000gn/T/"/>
    <property name="java.version" value="17.0.4.1"/>
    <property name="user.dir" value="/Users/tavleenkour/eclipse-workspace/InsuranceTest"/>
    <property name="os.arch" value="x86_64"/>
    <property name="java.vm.specification.name" value="Java Virtual Machine Specification"/>
    <property name="native.encoding" value="UTF-8"/>
    <property name="java.library.path" value="/Users/tavleenkour/Library/Java/Extensions:/Library/Java/Extensions:/Network/Library/Java/Extensions:/System/Library/Java/Extensions:/usr/lib/java:."/>
    <property name="java.vm.info" value="mixed mode"/>
    <property name="java.vendor" value="Eclipse Adoptium"/>
    <property name="java.vm.version" value="17.0.4.1+1"/>
    <property name="sun.io.unicode.encoding" value="UnicodeBig"/>
    <property name="java.class.version" value="61.0"/>
  </properties>
  <testcase name="setUp" classname="com.qa.insurance.testcases.HomePageTest" time="0.415">
    <failure message="Cannot invoke &quot;String.equals(Object)&quot; because &quot;browserName&quot; is null" type="java.lang.NullPointerException">java.lang.NullPointerException: Cannot invoke "String.equals(Object)" because "browserName" is null
	at com.qa.insurance.testcases.HomePageTest.setUp(HomePageTest.java:36)
</failure>
    <system-out><![CDATA[Set Up suite
10-27-2022 18:56:37 HomePageTest.java INFO  [main] base.TestBase 35 - Set up in being initialized
]]></system-out>
    <system-err><![CDATA[java.io.FileNotFoundException: /Users/tavleenkour/eclipse-workspace/InsuranceTest/src/main/java/com/insurance/qa/config/config.properties (No such file or directory)
	at java.base/java.io.FileInputStream.open0(Native Method)
	at java.base/java.io.FileInputStream.open(FileInputStream.java:216)
	at java.base/java.io.FileInputStream.<init>(FileInputStream.java:157)
	at java.base/java.io.FileInputStream.<init>(FileInputStream.java:111)
	at com.qa.insurance.base.TestBase.<init>(TestBase.java:27)
	at com.qa.insurance.testcases.HomePageTest.<init>(HomePageTest.java:27)
	at java.base/jdk.internal.reflect.NativeConstructorAccessorImpl.newInstance0(Native Method)
	at java.base/jdk.internal.reflect.NativeConstructorAccessorImpl.newInstance(NativeConstructorAccessorImpl.java:77)
	at java.base/jdk.internal.reflect.DelegatingConstructorAccessorImpl.newInstance(DelegatingConstructorAccessorImpl.java:45)
	at java.base/java.lang.reflect.Constructor.newInstanceWithCaller(Constructor.java:499)
	at java.base/java.lang.reflect.Constructor.newInstance(Constructor.java:480)
	at org.testng.internal.ObjectFactoryImpl.newInstance(ObjectFactoryImpl.java:23)
	at org.testng.internal.InstanceCreator.instantiateUsingDefaultConstructor(InstanceCreator.java:193)
	at org.testng.internal.InstanceCreator.createInstanceUsingObjectFactory(InstanceCreator.java:113)
	at org.testng.internal.InstanceCreator.createInstance(InstanceCreator.java:79)
	at org.testng.internal.ClassImpl.getDefaultInstance(ClassImpl.java:114)
	at org.testng.internal.ClassImpl.getInstances(ClassImpl.java:172)
	at org.testng.TestClass.getInstances(TestClass.java:102)
	at org.testng.TestClass.initTestClassesAndInstances(TestClass.java:82)
	at org.testng.TestClass.init(TestClass.java:74)
	at org.testng.TestClass.<init>(TestClass.java:39)
	at org.testng.TestRunner.initMethods(TestRunner.java:463)
	at org.testng.TestRunner.init(TestRunner.java:342)
	at org.testng.TestRunner.init(TestRunner.java:295)
	at org.testng.TestRunner.<init>(TestRunner.java:181)
	at org.testng.SuiteRunner$DefaultTestRunnerFactory.newTestRunner(SuiteRunner.java:618)
	at org.testng.SuiteRunner.init(SuiteRunner.java:196)
	at org.testng.SuiteRunner.<init>(SuiteRunner.java:127)
	at org.testng.TestNG.createSuiteRunner(TestNG.java:1265)
	at org.testng.TestNG.createSuiteRunners(TestNG.java:1244)
	at org.testng.TestNG.runSuitesLocally(TestNG.java:1093)
	at org.testng.TestNG.runSuites(TestNG.java:1032)
	at org.testng.TestNG.run(TestNG.java:1000)
	at org.apache.maven.surefire.testng.TestNGExecutor.run(TestNGExecutor.java:135)
	at org.apache.maven.surefire.testng.TestNGDirectoryTestSuite.executeSingleClass(TestNGDirectoryTestSuite.java:112)
	at org.apache.maven.surefire.testng.TestNGDirectoryTestSuite.execute(TestNGDirectoryTestSuite.java:99)
	at org.apache.maven.surefire.testng.TestNGProvider.invoke(TestNGProvider.java:146)
	at org.apache.maven.surefire.booter.ForkedBooter.invokeProviderInSameClassLoader(ForkedBooter.java:384)
	at org.apache.maven.surefire.booter.ForkedBooter.runSuitesInProcess(ForkedBooter.java:345)
	at org.apache.maven.surefire.booter.ForkedBooter.execute(ForkedBooter.java:126)
	at org.apache.maven.surefire.booter.ForkedBooter.main(ForkedBooter.java:418)
]]></system-err>
  </testcase>
  <testcase name="setUp" classname="com.qa.insurance.testcases.HomePageTest" time="0">
    <failure message="Cannot invoke &quot;String.equals(Object)&quot; because &quot;browserName&quot; is null" type="java.lang.NullPointerException">java.lang.NullPointerException: Cannot invoke "String.equals(Object)" because "browserName" is null
	at com.qa.insurance.testcases.HomePageTest.setUp(HomePageTest.java:36)
</failure>
    <system-out><![CDATA[Set Up suite
10-27-2022 18:56:37 HomePageTest.java INFO  [main] base.TestBase 35 - Set up in being initialized
]]></system-out>
  </testcase>
  <testcase name="validateHomePageTitleTest" classname="com.qa.insurance.testcases.HomePageTest" time="0">
    <skipped message="Cannot invoke &quot;String.equals(Object)&quot; because &quot;browserName&quot; is null"/>
  </testcase>
  <testcase name="tearDown" classname="com.qa.insurance.testcases.HomePageTest" time="0">
    <failure message="Cannot invoke &quot;org.openqa.selenium.WebDriver.quit()&quot; because &quot;com.qa.insurance.testcases.HomePageTest.driver&quot; is null" type="java.lang.NullPointerException">java.lang.NullPointerException: Cannot invoke "org.openqa.selenium.WebDriver.quit()" because "com.qa.insurance.testcases.HomePageTest.driver" is null
	at com.qa.insurance.testcases.HomePageTest.tearDown(HomePageTest.java:86)
</failure>
  </testcase>
  <testcase name="tearDown" classname="com.qa.insurance.testcases.HomePageTest" time="0">
    <failure message="Cannot invoke &quot;org.openqa.selenium.WebDriver.quit()&quot; because &quot;com.qa.insurance.testcases.HomePageTest.driver&quot; is null" type="java.lang.NullPointerException">java.lang.NullPointerException: Cannot invoke "org.openqa.selenium.WebDriver.quit()" because "com.qa.insurance.testcases.HomePageTest.driver" is null
	at com.qa.insurance.testcases.HomePageTest.tearDown(HomePageTest.java:86)
</failure>
  </testcase>
  <testcase name="validateSimulateButton" classname="com.qa.insurance.testcases.HomePageTest" time="0">
    <skipped message="Cannot invoke &quot;String.equals(Object)&quot; because &quot;browserName&quot; is null"/>
  </testcase>
  <testcase name="checkInsuranceValue" classname="com.qa.insurance.testcases.HomePageTest" time="0">
    <skipped message="Method HomePageTest.checkInsuranceValue(java.lang.String, java.lang.String, java.lang.String, java.lang.String, java.lang.String, java.lang.String, java.lang.String, java.lang.String, java.lang.String, java.lang.String, java.lang.String)[pri:3, instance:com.qa.insurance.testcases.HomePageTest@313b2ea6] depends on not successfully finished methods"/>
  </testcase>
</testsuite>