<?xml version="1.0" encoding="UTF-8"?>
<!-- Generated by org.testng.reporters.JUnitReportReporter -->
<testsuite hostname="Tavleens-MacBook-Pro.local" failures="0" tests="50" name="com.qa.insurance.testcases.HomePageTest" time="78.884" errors="2" timestamp="2022-10-28T18:09:47 EDT" skipped="0">
  <testcase classname="com.qa.insurance.testcases.HomePageTest" name="validateHomePageTitleTest" time="0.037"/>
  <testcase classname="com.qa.insurance.testcases.HomePageTest" name="validateSimulateButton" time="1.547"/>
  <testcase classname="com.qa.insurance.testcases.HomePageTest" name="checkInsuranceValue" time="1.063"/>
  <testcase classname="com.qa.insurance.testcases.HomePageTest" name="checkInsuranceValue" time="1.078"/>
  <testcase classname="com.qa.insurance.testcases.HomePageTest" name="checkInsuranceValue" time="1.557"/>
  <testcase classname="com.qa.insurance.testcases.HomePageTest" name="checkInsuranceValue" time="1.073"/>
  <testcase classname="com.qa.insurance.testcases.HomePageTest" name="checkInsuranceValue" time="7.003"/>
  <testcase classname="com.qa.insurance.testcases.HomePageTest" name="checkInsuranceValue" time="1.152"/>
  <testcase classname="com.qa.insurance.testcases.HomePageTest" name="checkInsuranceValue" time="1.414"/>
  <testcase classname="com.qa.insurance.testcases.HomePageTest" name="checkInsuranceValue" time="1.049"/>
  <testcase classname="com.qa.insurance.testcases.HomePageTest" name="checkInsuranceValue" time="1.151"/>
  <testcase classname="com.qa.insurance.testcases.HomePageTest" name="checkInsuranceValue" time="1.088"/>
  <testcase classname="com.qa.insurance.testcases.HomePageTest" name="checkInsuranceValue" time="1.851"/>
  <testcase classname="com.qa.insurance.testcases.HomePageTest" name="checkInsuranceValue" time="1.156"/>
  <testcase classname="com.qa.insurance.testcases.HomePageTest" name="checkInsuranceValue" time="1.163"/>
  <testcase classname="com.qa.insurance.testcases.HomePageTest" name="checkInsuranceValue" time="1.158"/>
  <testcase classname="com.qa.insurance.testcases.HomePageTest" name="checkInsuranceValue" time="8.519">
    <error message="no such element: Unable to locate element: {&quot;method&quot;:&quot;xpath&quot;,&quot;selector&quot;:&quot;//*[@id=&quot;fee&quot;]&quot;}
  (Session info: chrome=107.0.5304.62)
For documentation on this error, please visit: https://selenium.dev/exceptions/#no_such_element
Build info: version: &#039;4.4.0&#039;, revision: &#039;e5c75ed026a&#039;
System info: host: &#039;Tavleens-MacBook-Pro.local&#039;, ip: &#039;fe80:0:0:0:1ced:6f82:ee82:aac%en0&#039;, os.name: &#039;Mac OS X&#039;, os.arch: &#039;x86_64&#039;, os.version: &#039;12.6.1&#039;, java.version: &#039;17.0.4.1&#039;
Driver info: org.openqa.selenium.chrome.ChromeDriver
Command: [97a393866fd009ed2eac2dd538fef931, findElement {using=xpath, value=//*[@id=&quot;fee&quot;]}]
Capabilities {acceptInsecureCerts: false, browserName: chrome, browserVersion: 107.0.5304.62, chrome: {chromedriverVersion: 107.0.5304.62 (1eec40d3a576..., userDataDir: /var/folders/2c/znlm_n9j0jb...}, goog:chromeOptions: {debuggerAddress: localhost:60056}, networkConnectionEnabled: false, pageLoadStrategy: normal, platformName: MAC, proxy: Proxy(), se:cdp: ws://localhost:60056/devtoo..., se:cdpVersion: 107.0.5304.62, setWindowRect: true, strictFileInteractability: false, timeouts: {implicit: 0, pageLoad: 300000, script: 30000}, unhandledPromptBehavior: dismiss and notify, webauthn:extension:credBlob: true, webauthn:extension:largeBlob: true, webauthn:virtualAuthenticators: true}
Session ID: 97a393866fd009ed2eac2dd538fef931" type="org.openqa.selenium.NoSuchElementException">
      <![CDATA[org.openqa.selenium.NoSuchElementException: no such element: Unable to locate element: {"method":"xpath","selector":"//*[@id="fee"]"}
  (Session info: chrome=107.0.5304.62)
For documentation on this error, please visit: https://selenium.dev/exceptions/#no_such_element
Build info: version: '4.4.0', revision: 'e5c75ed026a'
System info: host: 'Tavleens-MacBook-Pro.local', ip: 'fe80:0:0:0:1ced:6f82:ee82:aac%en0', os.name: 'Mac OS X', os.arch: 'x86_64', os.version: '12.6.1', java.version: '17.0.4.1'
Driver info: org.openqa.selenium.chrome.ChromeDriver
Command: [97a393866fd009ed2eac2dd538fef931, findElement {using=xpath, value=//*[@id="fee"]}]
Capabilities {acceptInsecureCerts: false, browserName: chrome, browserVersion: 107.0.5304.62, chrome: {chromedriverVersion: 107.0.5304.62 (1eec40d3a576..., userDataDir: /var/folders/2c/znlm_n9j0jb...}, goog:chromeOptions: {debuggerAddress: localhost:60056}, networkConnectionEnabled: false, pageLoadStrategy: normal, platformName: MAC, proxy: Proxy(), se:cdp: ws://localhost:60056/devtoo..., se:cdpVersion: 107.0.5304.62, setWindowRect: true, strictFileInteractability: false, timeouts: {implicit: 0, pageLoad: 300000, script: 30000}, unhandledPromptBehavior: dismiss and notify, webauthn:extension:credBlob: true, webauthn:extension:largeBlob: true, webauthn:virtualAuthenticators: true}
Session ID: 97a393866fd009ed2eac2dd538fef931
at java.base/jdk.internal.reflect.NativeConstructorAccessorImpl.newInstance0(Native Method)
at java.base/jdk.internal.reflect.NativeConstructorAccessorImpl.newInstance(NativeConstructorAccessorImpl.java:77)
at java.base/jdk.internal.reflect.DelegatingConstructorAccessorImpl.newInstance(DelegatingConstructorAccessorImpl.java:45)
at java.base/java.lang.reflect.Constructor.newInstanceWithCaller(Constructor.java:499)
at java.base/java.lang.reflect.Constructor.newInstance(Constructor.java:480)
at org.openqa.selenium.remote.codec.w3c.W3CHttpResponseCodec.createException(W3CHttpResponseCodec.java:200)
at org.openqa.selenium.remote.codec.w3c.W3CHttpResponseCodec.decode(W3CHttpResponseCodec.java:133)
at org.openqa.selenium.remote.codec.w3c.W3CHttpResponseCodec.decode(W3CHttpResponseCodec.java:53)
at org.openqa.selenium.remote.HttpCommandExecutor.execute(HttpCommandExecutor.java:184)
at org.openqa.selenium.remote.service.DriverCommandExecutor.invokeExecute(DriverCommandExecutor.java:167)
at org.openqa.selenium.remote.service.DriverCommandExecutor.execute(DriverCommandExecutor.java:142)
at org.openqa.selenium.remote.RemoteWebDriver.execute(RemoteWebDriver.java:547)
at org.openqa.selenium.remote.ElementLocation$ElementFinder$2.findElement(ElementLocation.java:162)
at org.openqa.selenium.remote.ElementLocation.findElement(ElementLocation.java:60)
at org.openqa.selenium.remote.RemoteWebDriver.findElement(RemoteWebDriver.java:365)
at org.openqa.selenium.remote.RemoteWebDriver.findElement(RemoteWebDriver.java:357)
at org.openqa.selenium.support.pagefactory.DefaultElementLocator.findElement(DefaultElementLocator.java:70)
at org.openqa.selenium.support.pagefactory.internal.LocatingElementHandler.invoke(LocatingElementHandler.java:39)
at jdk.proxy2/jdk.proxy2.$Proxy18.isDisplayed(Unknown Source)
at com.qa.insurance.pages.HomePage.getInfo(HomePage.java:183)
at com.qa.insurance.testcases.HomePageTest.checkInsuranceValue(HomePageTest.java:79)
at java.base/jdk.internal.reflect.NativeMethodAccessorImpl.invoke0(Native Method)
at java.base/jdk.internal.reflect.NativeMethodAccessorImpl.invoke(NativeMethodAccessorImpl.java:77)
at java.base/jdk.internal.reflect.DelegatingMethodAccessorImpl.invoke(DelegatingMethodAccessorImpl.java:43)
at java.base/java.lang.reflect.Method.invoke(Method.java:568)
at org.testng.internal.MethodInvocationHelper.invokeMethod(MethodInvocationHelper.java:133)
at org.testng.internal.TestInvoker.invokeMethod(TestInvoker.java:584)
at org.testng.internal.TestInvoker.invokeTestMethod(TestInvoker.java:172)
at org.testng.internal.MethodRunner.runInSequence(MethodRunner.java:46)
at org.testng.internal.TestInvoker$MethodInvocationAgent.invoke(TestInvoker.java:804)
at org.testng.internal.TestInvoker.invokeTestMethods(TestInvoker.java:145)
at org.testng.internal.TestMethodWorker.invokeTestMethods(TestMethodWorker.java:146)
at org.testng.internal.TestMethodWorker.run(TestMethodWorker.java:128)
at java.base/java.util.concurrent.ThreadPoolExecutor.runWorker(ThreadPoolExecutor.java:1136)
at java.base/java.util.concurrent.ThreadPoolExecutor$Worker.run(ThreadPoolExecutor.java:635)
at java.base/java.lang.Thread.run(Thread.java:833)
]]>
    </error>
  </testcase> <!-- checkInsuranceValue -->
  <testcase classname="com.qa.insurance.testcases.HomePageTest" name="checkInsuranceValue" time="1.305"/>
  <testcase classname="com.qa.insurance.testcases.HomePageTest" name="checkInsuranceValue" time="1.637"/>
  <testcase classname="com.qa.insurance.testcases.HomePageTest" name="checkInsuranceValue" time="1.714"/>
  <testcase classname="com.qa.insurance.testcases.HomePageTest" name="checkInsuranceValue" time="0.877"/>
  <testcase classname="com.qa.insurance.testcases.HomePageTest" name="checkInsuranceValue" time="8.460">
    <error message="no such element: Unable to locate element: {&quot;method&quot;:&quot;xpath&quot;,&quot;selector&quot;:&quot;//*[@id=&quot;fee&quot;]&quot;}
  (Session info: chrome=107.0.5304.62)
For documentation on this error, please visit: https://selenium.dev/exceptions/#no_such_element
Build info: version: &#039;4.4.0&#039;, revision: &#039;e5c75ed026a&#039;
System info: host: &#039;Tavleens-MacBook-Pro.local&#039;, ip: &#039;fe80:0:0:0:1ced:6f82:ee82:aac%en0&#039;, os.name: &#039;Mac OS X&#039;, os.arch: &#039;x86_64&#039;, os.version: &#039;12.6.1&#039;, java.version: &#039;17.0.4.1&#039;
Driver info: org.openqa.selenium.chrome.ChromeDriver
Command: [97a393866fd009ed2eac2dd538fef931, findElement {using=xpath, value=//*[@id=&quot;fee&quot;]}]
Capabilities {acceptInsecureCerts: false, browserName: chrome, browserVersion: 107.0.5304.62, chrome: {chromedriverVersion: 107.0.5304.62 (1eec40d3a576..., userDataDir: /var/folders/2c/znlm_n9j0jb...}, goog:chromeOptions: {debuggerAddress: localhost:60056}, networkConnectionEnabled: false, pageLoadStrategy: normal, platformName: MAC, proxy: Proxy(), se:cdp: ws://localhost:60056/devtoo..., se:cdpVersion: 107.0.5304.62, setWindowRect: true, strictFileInteractability: false, timeouts: {implicit: 0, pageLoad: 300000, script: 30000}, unhandledPromptBehavior: dismiss and notify, webauthn:extension:credBlob: true, webauthn:extension:largeBlob: true, webauthn:virtualAuthenticators: true}
Session ID: 97a393866fd009ed2eac2dd538fef931" type="org.openqa.selenium.NoSuchElementException">
      <![CDATA[org.openqa.selenium.NoSuchElementException: no such element: Unable to locate element: {"method":"xpath","selector":"//*[@id="fee"]"}
  (Session info: chrome=107.0.5304.62)
For documentation on this error, please visit: https://selenium.dev/exceptions/#no_such_element
Build info: version: '4.4.0', revision: 'e5c75ed026a'
System info: host: 'Tavleens-MacBook-Pro.local', ip: 'fe80:0:0:0:1ced:6f82:ee82:aac%en0', os.name: 'Mac OS X', os.arch: 'x86_64', os.version: '12.6.1', java.version: '17.0.4.1'
Driver info: org.openqa.selenium.chrome.ChromeDriver
Command: [97a393866fd009ed2eac2dd538fef931, findElement {using=xpath, value=//*[@id="fee"]}]
Capabilities {acceptInsecureCerts: false, browserName: chrome, browserVersion: 107.0.5304.62, chrome: {chromedriverVersion: 107.0.5304.62 (1eec40d3a576..., userDataDir: /var/folders/2c/znlm_n9j0jb...}, goog:chromeOptions: {debuggerAddress: localhost:60056}, networkConnectionEnabled: false, pageLoadStrategy: normal, platformName: MAC, proxy: Proxy(), se:cdp: ws://localhost:60056/devtoo..., se:cdpVersion: 107.0.5304.62, setWindowRect: true, strictFileInteractability: false, timeouts: {implicit: 0, pageLoad: 300000, script: 30000}, unhandledPromptBehavior: dismiss and notify, webauthn:extension:credBlob: true, webauthn:extension:largeBlob: true, webauthn:virtualAuthenticators: true}
Session ID: 97a393866fd009ed2eac2dd538fef931
at java.base/jdk.internal.reflect.NativeConstructorAccessorImpl.newInstance0(Native Method)
at java.base/jdk.internal.reflect.NativeConstructorAccessorImpl.newInstance(NativeConstructorAccessorImpl.java:77)
at java.base/jdk.internal.reflect.DelegatingConstructorAccessorImpl.newInstance(DelegatingConstructorAccessorImpl.java:45)
at java.base/java.lang.reflect.Constructor.newInstanceWithCaller(Constructor.java:499)
at java.base/java.lang.reflect.Constructor.newInstance(Constructor.java:480)
at org.openqa.selenium.remote.codec.w3c.W3CHttpResponseCodec.createException(W3CHttpResponseCodec.java:200)
at org.openqa.selenium.remote.codec.w3c.W3CHttpResponseCodec.decode(W3CHttpResponseCodec.java:133)
at org.openqa.selenium.remote.codec.w3c.W3CHttpResponseCodec.decode(W3CHttpResponseCodec.java:53)
at org.openqa.selenium.remote.HttpCommandExecutor.execute(HttpCommandExecutor.java:184)
at org.openqa.selenium.remote.service.DriverCommandExecutor.invokeExecute(DriverCommandExecutor.java:167)
at org.openqa.selenium.remote.service.DriverCommandExecutor.execute(DriverCommandExecutor.java:142)
at org.openqa.selenium.remote.RemoteWebDriver.execute(RemoteWebDriver.java:547)
at org.openqa.selenium.remote.ElementLocation$ElementFinder$2.findElement(ElementLocation.java:162)
at org.openqa.selenium.remote.ElementLocation.findElement(ElementLocation.java:60)
at org.openqa.selenium.remote.RemoteWebDriver.findElement(RemoteWebDriver.java:365)
at org.openqa.selenium.remote.RemoteWebDriver.findElement(RemoteWebDriver.java:357)
at org.openqa.selenium.support.pagefactory.DefaultElementLocator.findElement(DefaultElementLocator.java:70)
at org.openqa.selenium.support.pagefactory.internal.LocatingElementHandler.invoke(LocatingElementHandler.java:39)
at jdk.proxy2/jdk.proxy2.$Proxy18.isDisplayed(Unknown Source)
at com.qa.insurance.pages.HomePage.getInfo(HomePage.java:183)
at com.qa.insurance.testcases.HomePageTest.checkInsuranceValue(HomePageTest.java:79)
at java.base/jdk.internal.reflect.NativeMethodAccessorImpl.invoke0(Native Method)
at java.base/jdk.internal.reflect.NativeMethodAccessorImpl.invoke(NativeMethodAccessorImpl.java:77)
at java.base/jdk.internal.reflect.DelegatingMethodAccessorImpl.invoke(DelegatingMethodAccessorImpl.java:43)
at java.base/java.lang.reflect.Method.invoke(Method.java:568)
at org.testng.internal.MethodInvocationHelper.invokeMethod(MethodInvocationHelper.java:133)
at org.testng.internal.TestInvoker.invokeMethod(TestInvoker.java:584)
at org.testng.internal.TestInvoker.invokeTestMethod(TestInvoker.java:172)
at org.testng.internal.MethodRunner.runInSequence(MethodRunner.java:46)
at org.testng.internal.TestInvoker$MethodInvocationAgent.invoke(TestInvoker.java:804)
at org.testng.internal.TestInvoker.invokeTestMethods(TestInvoker.java:145)
at org.testng.internal.TestMethodWorker.invokeTestMethods(TestMethodWorker.java:146)
at org.testng.internal.TestMethodWorker.run(TestMethodWorker.java:128)
at java.base/java.util.concurrent.ThreadPoolExecutor.runWorker(ThreadPoolExecutor.java:1136)
at java.base/java.util.concurrent.ThreadPoolExecutor$Worker.run(ThreadPoolExecutor.java:635)
at java.base/java.lang.Thread.run(Thread.java:833)
]]>
    </error>
  </testcase> <!-- checkInsuranceValue -->
  <testcase classname="com.qa.insurance.testcases.HomePageTest" name="checkInsuranceValue" time="1.059"/>
  <testcase classname="com.qa.insurance.testcases.HomePageTest" name="checkInsuranceValue" time="1.014"/>
  <testcase classname="com.qa.insurance.testcases.HomePageTest" name="checkInsuranceValue" time="1.016"/>
  <testcase classname="com.qa.insurance.testcases.HomePageTest" name="checkInsuranceValue" time="1.217"/>
  <testcase classname="com.qa.insurance.testcases.HomePageTest" name="checkInsuranceValue" time="1.111"/>
  <testcase classname="com.qa.insurance.testcases.HomePageTest" name="checkInsuranceValue" time="1.197"/>
  <testcase classname="com.qa.insurance.testcases.HomePageTest" name="checkInsuranceValue" time="1.005"/>
  <testcase classname="com.qa.insurance.testcases.HomePageTest" name="checkInsuranceValue" time="1.018"/>
  <testcase classname="com.qa.insurance.testcases.HomePageTest" name="checkInsuranceValue" time="1.257"/>
  <testcase classname="com.qa.insurance.testcases.HomePageTest" name="checkInsuranceValue" time="1.043"/>
  <testcase classname="com.qa.insurance.testcases.HomePageTest" name="checkInsuranceValue" time="1.194"/>
  <testcase classname="com.qa.insurance.testcases.HomePageTest" name="checkInsuranceValue" time="1.026"/>
  <testcase classname="com.qa.insurance.testcases.HomePageTest" name="checkInsuranceValue" time="0.974"/>
  <testcase classname="com.qa.insurance.testcases.HomePageTest" name="checkInsuranceValue" time="1.125"/>
  <testcase classname="com.qa.insurance.testcases.HomePageTest" name="checkInsuranceValue" time="1.141"/>
  <testcase classname="com.qa.insurance.testcases.HomePageTest" name="checkInsuranceValue" time="1.047"/>
  <testcase classname="com.qa.insurance.testcases.HomePageTest" name="checkInsuranceValue" time="1.539"/>
  <testcase classname="com.qa.insurance.testcases.HomePageTest" name="checkInsuranceValue" time="1.336"/>
  <testcase classname="com.qa.insurance.testcases.HomePageTest" name="checkInsuranceValue" time="1.262"/>
  <testcase classname="com.qa.insurance.testcases.HomePageTest" name="checkInsuranceValue" time="0.897"/>
  <testcase classname="com.qa.insurance.testcases.HomePageTest" name="checkInsuranceValue" time="1.037"/>
  <testcase classname="com.qa.insurance.testcases.HomePageTest" name="checkInsuranceValue" time="1.048"/>
  <testcase classname="com.qa.insurance.testcases.HomePageTest" name="checkInsuranceValue" time="1.083"/>
  <testcase classname="com.qa.insurance.testcases.HomePageTest" name="checkInsuranceValue" time="1.307"/>
  <testcase classname="com.qa.insurance.testcases.HomePageTest" name="checkInsuranceValue" time="1.050"/>
  <testcase classname="com.qa.insurance.testcases.HomePageTest" name="checkInsuranceValue" time="1.492"/>
  <testcase classname="com.qa.insurance.testcases.HomePageTest" name="checkInsuranceValue" time="1.258"/>
  <testcase classname="com.qa.insurance.testcases.HomePageTest" name="checkInsuranceValue" time="1.079"/>
</testsuite> <!-- com.qa.insurance.testcases.HomePageTest -->
